<?xml version="1.0" encoding="UTF-8"?>
<!-- Generated by org.testng.reporters.JUnitReportReporter -->
<testsuite hostname="DESKTOP-FNSRUET" failures="0" tests="1" name="products.AddingProductToTheCartTestNG" time="16.858" errors="0" timestamp="2024-11-16T14:46:16 IST" skipped="0">
  <testcase classname="products.AddingProductToTheCartTestNG" name="tc_001_AddSingleProductToCartTest" time="16.858"/>
  <system-out/>
</testsuite> <!-- products.AddingProductToTheCartTestNG -->
