<?xml version="1.0" encoding="UTF-8"?>
<!-- Generated by org.testng.reporters.JUnitReportReporter -->
<testsuite hostname="DESKTOP-FNSRUET" failures="0" tests="1" name="practice.TestNGPractice" time="0.037" errors="0" timestamp="2024-10-24T19:45:43 IST" skipped="0">
  <testcase classname="practice.TestNGPractice" name="sampleTest" time="0.037"/>
</testsuite> <!-- practice.TestNGPractice -->
