<?xml version="1.0" encoding="UTF-8"?>
<!-- Generated by org.testng.reporters.JUnitReportReporter -->
<testsuite hostname="DESKTOP-FNSRUET" failures="0" tests="1" name="products.AddingProductToTheCartPOM" time="43.079" errors="0" timestamp="2024-10-25T20:56:13 IST" skipped="0">
  <testcase classname="products.AddingProductToTheCartPOM" name="tc_001_AddSingleProductToCartTest" time="43.079"/>
  <system-out/>
</testsuite> <!-- products.AddingProductToTheCartPOM -->
