<?xml version="1.0" encoding="UTF-8"?>
<!-- Generated by org.testng.reporters.JUnitReportReporter -->
<testsuite hostname="DESKTOP-FNSRUET" failures="0" tests="1" name="products.RemovingProductFromCartTestNG" time="1.113" errors="0" timestamp="2024-11-16T14:46:16 IST" skipped="0">
  <testcase classname="products.RemovingProductFromCartTestNG" name="TC02" time="1.113"/>
  <system-out/>
</testsuite> <!-- products.RemovingProductFromCartTestNG -->
